#-----------------------------------------------------------
# Vivado v2018.2 (64-bit)
# SW Build 2258646 on Thu Jun 14 20:02:38 MDT 2018
# IP Build 2256618 on Thu Jun 14 22:10:49 MDT 2018
# Start of session at: Tue Apr 12 12:36:54 2022
# Process ID: 94547
# Current directory: /home/ahamdy/Bureau/prog_system
# Command line: vivado
# Log file: /home/ahamdy/Bureau/prog_system/vivado.log
# Journal file: /home/ahamdy/Bureau/prog_system/vivado.jou
#-----------------------------------------------------------
start_gui
open_project /home/ahamdy/Bureau/prog_system/processor/processor_vhdl/processor_vhdl.xpr
Scanning sources...
Finished scanning sources
INFO: [IP_Flow 19-234] Refreshing IP repositories
INFO: [IP_Flow 19-1704] No user IP repositories specified
INFO: [IP_Flow 19-2313] Loaded Vivado IP repository '/usr/local/insa/Xilinx.VIVADO/Vivado/2018.2/data/ip'.
open_project: Time (s): cpu = 00:00:12 ; elapsed = 00:00:08 . Memory (MB): peak = 6192.340 ; gain = 148.102 ; free physical = 10926 ; free virtual = 22790
update_compile_order -fileset sources_1
reset_run synth_1
launch_runs synth_1 -jobs 6
[Tue Apr 12 12:40:28 2022] Launched synth_1...
Run output will be captured here: /home/ahamdy/Bureau/prog_system/processor/processor_vhdl/processor_vhdl.runs/synth_1/runme.log
launch_runs impl_1 -jobs 6
[Tue Apr 12 12:45:48 2022] Launched impl_1...
Run output will be captured here: /home/ahamdy/Bureau/prog_system/processor/processor_vhdl/processor_vhdl.runs/impl_1/runme.log
exit
INFO: [Common 17-206] Exiting Vivado at Tue Apr 12 12:49:37 2022...
