#-----------------------------------------------------------
# Vivado v2018.2 (64-bit)
# SW Build 2258646 on Thu Jun 14 20:02:38 MDT 2018
# IP Build 2256618 on Thu Jun 14 22:10:49 MDT 2018
# Start of session at: Tue May 10 08:49:25 2022
# Process ID: 46110
# Current directory: /home/ahamdy/Bureau/prog_system
# Command line: vivado
# Log file: /home/ahamdy/Bureau/prog_system/vivado.log
# Journal file: /home/ahamdy/Bureau/prog_system/vivado.jou
#-----------------------------------------------------------
start_gui
open_project /home/ahamdy/Bureau/prog_system/processor/processor_vhdl/processor_vhdl.xpr
Scanning sources...
Finished scanning sources
INFO: [IP_Flow 19-234] Refreshing IP repositories
INFO: [IP_Flow 19-1704] No user IP repositories specified
INFO: [IP_Flow 19-2313] Loaded Vivado IP repository '/usr/local/insa/Xilinx.VIVADO/Vivado/2018.2/data/ip'.
open_project: Time (s): cpu = 00:00:24 ; elapsed = 00:00:09 . Memory (MB): peak = 6344.336 ; gain = 78.875 ; free physical = 122159 ; free virtual = 145449
exit
INFO: [Common 17-206] Exiting Vivado at Tue May 10 09:07:58 2022...
