INFO: [VRFC 10-163] Analyzing VHDL file "/home/ahamdy/Bureau/prog_system/processor/processor_vhdl/processor_vhdl.srcs/sources_1/new/ALU.vhd" into library xil_defaultlib
INFO: [VRFC 10-307] analyzing entity ALU
INFO: [VRFC 10-163] Analyzing VHDL file "/home/ahamdy/Bureau/prog_system/processor/processor_vhdl/processor_vhdl.srcs/sim_1/new/ALU_SIMU.vhd" into library xil_defaultlib
INFO: [VRFC 10-307] analyzing entity ALU_SIMU
INFO: [VRFC 10-163] Analyzing VHDL file "/home/ahamdy/Bureau/prog_system/processor/processor_vhdl/processor_vhdl.srcs/sim_1/new/ALU_SIMU.vhd" into library xil_defaultlib
INFO: [VRFC 10-307] analyzing entity ALU_SIMU
INFO: [VRFC 10-163] Analyzing VHDL file "/home/ahamdy/Bureau/prog_system/processor/processor_vhdl/processor_vhdl.srcs/sim_1/new/ALU_SIMU.vhd" into library xil_defaultlib
INFO: [VRFC 10-307] analyzing entity ALU_SIMU
INFO: [VRFC 10-163] Analyzing VHDL file "/home/ahamdy/Bureau/prog_system/processor/processor_vhdl/processor_vhdl.srcs/sources_1/new/ALU.vhd" into library xil_defaultlib
INFO: [VRFC 10-307] analyzing entity ALU
INFO: [VRFC 10-163] Analyzing VHDL file "/home/ahamdy/Bureau/prog_system/processor/processor_vhdl/processor_vhdl.srcs/sim_1/new/ALU_SIMU.vhd" into library xil_defaultlib
INFO: [VRFC 10-307] analyzing entity ALU_SIMU
INFO: [VRFC 10-163] Analyzing VHDL file "/home/ahamdy/Bureau/prog_system/processor/processor_vhdl/processor_vhdl.srcs/sources_1/new/ALU.vhd" into library xil_defaultlib
INFO: [VRFC 10-307] analyzing entity ALU
INFO: [VRFC 10-163] Analyzing VHDL file "/home/ahamdy/Bureau/prog_system/processor/processor_vhdl/processor_vhdl.srcs/sim_1/new/ALU_SIMU.vhd" into library xil_defaultlib
INFO: [VRFC 10-307] analyzing entity ALU_SIMU
INFO: [VRFC 10-163] Analyzing VHDL file "/home/ahamdy/Bureau/prog_system/processor/processor_vhdl/processor_vhdl.srcs/sim_1/new/ALU_SIMU.vhd" into library xil_defaultlib
INFO: [VRFC 10-307] analyzing entity ALU_SIMU
INFO: [VRFC 10-163] Analyzing VHDL file "/home/ahamdy/Bureau/prog_system/processor/processor_vhdl/processor_vhdl.srcs/sim_1/new/ALU_SIMU.vhd" into library xil_defaultlib
INFO: [VRFC 10-307] analyzing entity ALU_SIMU
INFO: [VRFC 10-163] Analyzing VHDL file "/home/ahamdy/Bureau/prog_system/processor/processor_vhdl/processor_vhdl.srcs/sources_1/new/ALU.vhd" into library xil_defaultlib
INFO: [VRFC 10-307] analyzing entity ALU
INFO: [VRFC 10-163] Analyzing VHDL file "/home/ahamdy/Bureau/prog_system/processor/processor_vhdl/processor_vhdl.srcs/sim_1/new/ALU_SIMU.vhd" into library xil_defaultlib
INFO: [VRFC 10-307] analyzing entity ALU_SIMU
INFO: [VRFC 10-163] Analyzing VHDL file "/home/ahamdy/Bureau/prog_system/processor/processor_vhdl/processor_vhdl.srcs/sim_1/new/ALU_SIMU.vhd" into library xil_defaultlib
INFO: [VRFC 10-307] analyzing entity ALU_SIMU
INFO: [VRFC 10-163] Analyzing VHDL file "/home/ahamdy/Bureau/prog_system/processor/processor_vhdl/processor_vhdl.srcs/sources_1/new/ALU.vhd" into library xil_defaultlib
INFO: [VRFC 10-307] analyzing entity ALU
INFO: [VRFC 10-163] Analyzing VHDL file "/home/ahamdy/Bureau/prog_system/processor/processor_vhdl/processor_vhdl.srcs/sim_1/new/ALU_SIMU.vhd" into library xil_defaultlib
INFO: [VRFC 10-307] analyzing entity ALU_SIMU
INFO: [VRFC 10-163] Analyzing VHDL file "/home/ahamdy/Bureau/prog_system/processor/processor_vhdl/processor_vhdl.srcs/sim_1/new/ALU_SIMU.vhd" into library xil_defaultlib
INFO: [VRFC 10-307] analyzing entity ALU_SIMU
INFO: [VRFC 10-163] Analyzing VHDL file "/home/ahamdy/Bureau/prog_system/processor/processor_vhdl/processor_vhdl.srcs/sources_1/new/ALU.vhd" into library xil_defaultlib
INFO: [VRFC 10-307] analyzing entity ALU
INFO: [VRFC 10-163] Analyzing VHDL file "/home/ahamdy/Bureau/prog_system/processor/processor_vhdl/processor_vhdl.srcs/sources_1/new/ALU.vhd" into library xil_defaultlib
INFO: [VRFC 10-307] analyzing entity ALU
INFO: [VRFC 10-163] Analyzing VHDL file "/home/ahamdy/Bureau/prog_system/processor/processor_vhdl/processor_vhdl.srcs/sources_1/new/ALU.vhd" into library xil_defaultlib
INFO: [VRFC 10-307] analyzing entity ALU
INFO: [VRFC 10-163] Analyzing VHDL file "/home/ahamdy/Bureau/prog_system/processor/processor_vhdl/processor_vhdl.srcs/sources_1/new/ALU.vhd" into library xil_defaultlib
INFO: [VRFC 10-307] analyzing entity ALU
INFO: [VRFC 10-163] Analyzing VHDL file "/home/ahamdy/Bureau/prog_system/processor/processor_vhdl/processor_vhdl.srcs/sources_1/new/ALU.vhd" into library xil_defaultlib
INFO: [VRFC 10-307] analyzing entity ALU
INFO: [VRFC 10-163] Analyzing VHDL file "/home/ahamdy/Bureau/prog_system/processor/processor_vhdl/processor_vhdl.srcs/sources_1/new/ALU.vhd" into library xil_defaultlib
INFO: [VRFC 10-307] analyzing entity ALU
INFO: [VRFC 10-163] Analyzing VHDL file "/home/ahamdy/Bureau/prog_system/processor/processor_vhdl/processor_vhdl.srcs/sources_1/new/ALU.vhd" into library xil_defaultlib
INFO: [VRFC 10-307] analyzing entity ALU
INFO: [VRFC 10-163] Analyzing VHDL file "/home/ahamdy/Bureau/prog_system/processor/processor_vhdl/processor_vhdl.srcs/sources_1/new/ALU.vhd" into library xil_defaultlib
INFO: [VRFC 10-307] analyzing entity ALU
INFO: [VRFC 10-163] Analyzing VHDL file "/home/ahamdy/Bureau/prog_system/processor/processor_vhdl/processor_vhdl.srcs/sources_1/new/ALU.vhd" into library xil_defaultlib
INFO: [VRFC 10-307] analyzing entity ALU
INFO: [VRFC 10-163] Analyzing VHDL file "/home/ahamdy/Bureau/prog_system/processor/processor_vhdl/processor_vhdl.srcs/sources_1/new/ALU.vhd" into library xil_defaultlib
INFO: [VRFC 10-307] analyzing entity ALU
INFO: [VRFC 10-163] Analyzing VHDL file "/home/ahamdy/Bureau/prog_system/processor/processor_vhdl/processor_vhdl.srcs/sources_1/new/ALU.vhd" into library xil_defaultlib
INFO: [VRFC 10-307] analyzing entity ALU
INFO: [VRFC 10-163] Analyzing VHDL file "/home/ahamdy/Bureau/prog_system/processor/processor_vhdl/processor_vhdl.srcs/sources_1/new/ALU.vhd" into library xil_defaultlib
INFO: [VRFC 10-307] analyzing entity ALU
INFO: [VRFC 10-163] Analyzing VHDL file "/home/ahamdy/Bureau/prog_system/processor/processor_vhdl/processor_vhdl.srcs/sources_1/new/ALU.vhd" into library xil_defaultlib
INFO: [VRFC 10-307] analyzing entity ALU
INFO: [VRFC 10-163] Analyzing VHDL file "/home/ahamdy/Bureau/prog_system/processor/processor_vhdl/processor_vhdl.srcs/sources_1/new/ALU.vhd" into library xil_defaultlib
INFO: [VRFC 10-307] analyzing entity ALU
INFO: [VRFC 10-163] Analyzing VHDL file "/home/ahamdy/Bureau/prog_system/processor/processor_vhdl/processor_vhdl.srcs/sources_1/new/ALU.vhd" into library xil_defaultlib
INFO: [VRFC 10-307] analyzing entity ALU
INFO: [VRFC 10-163] Analyzing VHDL file "/home/ahamdy/Bureau/prog_system/processor/processor_vhdl/processor_vhdl.srcs/sources_1/new/ALU.vhd" into library xil_defaultlib
INFO: [VRFC 10-307] analyzing entity ALU
INFO: [VRFC 10-163] Analyzing VHDL file "/home/ahamdy/Bureau/prog_system/processor/processor_vhdl/processor_vhdl.srcs/sources_1/new/ALU.vhd" into library xil_defaultlib
INFO: [VRFC 10-307] analyzing entity ALU
INFO: [VRFC 10-163] Analyzing VHDL file "/home/ahamdy/Bureau/prog_system/processor/processor_vhdl/processor_vhdl.srcs/sources_1/new/ALU.vhd" into library xil_defaultlib
INFO: [VRFC 10-307] analyzing entity ALU
INFO: [VRFC 10-163] Analyzing VHDL file "/home/ahamdy/Bureau/prog_system/processor/processor_vhdl/processor_vhdl.srcs/sim_1/new/ALU_SIMU.vhd" into library xil_defaultlib
INFO: [VRFC 10-307] analyzing entity ALU_SIMU
INFO: [VRFC 10-163] Analyzing VHDL file "/home/ahamdy/Bureau/prog_system/processor/processor_vhdl/processor_vhdl.srcs/sources_1/new/ALU.vhd" into library xil_defaultlib
INFO: [VRFC 10-307] analyzing entity ALU
INFO: [VRFC 10-163] Analyzing VHDL file "/home/ahamdy/Bureau/prog_system/processor/processor_vhdl/processor_vhdl.srcs/sim_1/new/ALU_SIMU.vhd" into library xil_defaultlib
INFO: [VRFC 10-307] analyzing entity ALU_SIMU
INFO: [VRFC 10-163] Analyzing VHDL file "/home/ahamdy/Bureau/prog_system/processor/processor_vhdl/processor_vhdl.srcs/sim_1/new/ALU_SIMU.vhd" into library xil_defaultlib
INFO: [VRFC 10-307] analyzing entity ALU_SIMU
INFO: [VRFC 10-163] Analyzing VHDL file "/home/ahamdy/Bureau/prog_system/processor/processor_vhdl/processor_vhdl.srcs/sources_1/new/ALU.vhd" into library xil_defaultlib
INFO: [VRFC 10-307] analyzing entity ALU
INFO: [VRFC 10-163] Analyzing VHDL file "/home/ahamdy/Bureau/prog_system/processor/processor_vhdl/processor_vhdl.srcs/sources_1/new/ALU.vhd" into library xil_defaultlib
INFO: [VRFC 10-307] analyzing entity ALU
INFO: [VRFC 10-163] Analyzing VHDL file "/home/ahamdy/Bureau/prog_system/processor/processor_vhdl/processor_vhdl.srcs/sim_1/new/ALU_SIMU.vhd" into library xil_defaultlib
INFO: [VRFC 10-307] analyzing entity ALU_SIMU
INFO: [VRFC 10-163] Analyzing VHDL file "/home/ahamdy/Bureau/prog_system/processor/processor_vhdl/processor_vhdl.srcs/sim_1/new/ALU_SIMU.vhd" into library xil_defaultlib
INFO: [VRFC 10-307] analyzing entity ALU_SIMU
INFO: [VRFC 10-163] Analyzing VHDL file "/home/ahamdy/Bureau/prog_system/processor/processor_vhdl/processor_vhdl.srcs/sim_1/new/ALU_SIMU.vhd" into library xil_defaultlib
INFO: [VRFC 10-307] analyzing entity ALU_SIMU
INFO: [VRFC 10-163] Analyzing VHDL file "/home/ahamdy/Bureau/prog_system/processor/processor_vhdl/processor_vhdl.srcs/sim_1/new/ALU_SIMU.vhd" into library xil_defaultlib
INFO: [VRFC 10-307] analyzing entity ALU_SIMU
INFO: [VRFC 10-163] Analyzing VHDL file "/home/ahamdy/Bureau/prog_system/processor/processor_vhdl/processor_vhdl.srcs/sim_1/new/ALU_SIMU.vhd" into library xil_defaultlib
INFO: [VRFC 10-307] analyzing entity ALU_SIMU
INFO: [VRFC 10-163] Analyzing VHDL file "/home/ahamdy/Bureau/prog_system/processor/processor_vhdl/processor_vhdl.srcs/sim_1/new/ALU_SIMU.vhd" into library xil_defaultlib
INFO: [VRFC 10-307] analyzing entity ALU_SIMU
INFO: [VRFC 10-163] Analyzing VHDL file "/home/ahamdy/Bureau/prog_system/processor/processor_vhdl/processor_vhdl.srcs/sources_1/new/ALU.vhd" into library xil_defaultlib
INFO: [VRFC 10-307] analyzing entity ALU
INFO: [VRFC 10-163] Analyzing VHDL file "/home/ahamdy/Bureau/prog_system/processor/processor_vhdl/processor_vhdl.srcs/sources_1/new/ALU.vhd" into library xil_defaultlib
INFO: [VRFC 10-307] analyzing entity ALU
INFO: [VRFC 10-163] Analyzing VHDL file "/home/ahamdy/Bureau/prog_system/processor/processor_vhdl/processor_vhdl.srcs/sim_1/new/ALU_SIMU.vhd" into library xil_defaultlib
INFO: [VRFC 10-307] analyzing entity ALU_SIMU
INFO: [VRFC 10-163] Analyzing VHDL file "/home/ahamdy/Bureau/prog_system/processor/processor_vhdl/processor_vhdl.srcs/sources_1/new/DECODE.vhd" into library xil_defaultlib
INFO: [VRFC 10-307] analyzing entity DECODE
INFO: [VRFC 10-163] Analyzing VHDL file "/home/ahamdy/Bureau/prog_system/processor/processor_vhdl/processor_vhdl.srcs/sources_1/new/EXECUTIF.vhd" into library xil_defaultlib
INFO: [VRFC 10-307] analyzing entity EXECUTIF
INFO: [VRFC 10-163] Analyzing VHDL file "/home/ahamdy/Bureau/prog_system/processor/processor_vhdl/processor_vhdl.srcs/sources_1/new/FETCH.vhd" into library xil_defaultlib
INFO: [VRFC 10-307] analyzing entity FETCH
INFO: [VRFC 10-163] Analyzing VHDL file "/home/ahamdy/Bureau/prog_system/processor/processor_vhdl/processor_vhdl.srcs/sources_1/new/LIE.vhd" into library xil_defaultlib
INFO: [VRFC 10-307] analyzing entity LIE
INFO: [VRFC 10-163] Analyzing VHDL file "/home/ahamdy/Bureau/prog_system/processor/processor_vhdl/processor_vhdl.srcs/sources_1/new/processor.vhd" into library xil_defaultlib
INFO: [VRFC 10-307] analyzing entity processor
INFO: [VRFC 10-163] Analyzing VHDL file "/home/ahamdy/Bureau/prog_system/processor/processor_vhdl/processor_vhdl.srcs/sources_1/new/ROM.vhd" into library xil_defaultlib
INFO: [VRFC 10-307] analyzing entity ROM
INFO: [VRFC 10-163] Analyzing VHDL file "/home/ahamdy/Bureau/prog_system/processor/processor_vhdl/processor_vhdl.srcs/sources_1/new/RAM.vhd" into library xil_defaultlib
INFO: [VRFC 10-307] analyzing entity RAM
INFO: [VRFC 10-163] Analyzing VHDL file "/home/ahamdy/Bureau/prog_system/processor/processor_vhdl/processor_vhdl.srcs/sources_1/new/BANC_REGISTRE.vhd" into library xil_defaultlib
INFO: [VRFC 10-307] analyzing entity BANC_REGISTRE
INFO: [VRFC 10-163] Analyzing VHDL file "/home/ahamdy/Bureau/prog_system/processor/processor_vhdl/processor_vhdl.srcs/sim_1/new/REGISTRE_SIMU.vhd" into library xil_defaultlib
INFO: [VRFC 10-307] analyzing entity REGISTRE_SIMU
INFO: [VRFC 10-163] Analyzing VHDL file "/home/ahamdy/Bureau/prog_system/processor/processor_vhdl/processor_vhdl.srcs/sources_1/new/BANC_REGISTRE.vhd" into library xil_defaultlib
INFO: [VRFC 10-307] analyzing entity BANC_REGISTRE
INFO: [VRFC 10-163] Analyzing VHDL file "/home/ahamdy/Bureau/prog_system/processor/processor_vhdl/processor_vhdl.srcs/sources_1/new/BANC_REGISTRE.vhd" into library xil_defaultlib
INFO: [VRFC 10-307] analyzing entity BANC_REGISTRE
INFO: [VRFC 10-163] Analyzing VHDL file "/home/ahamdy/Bureau/prog_system/processor/processor_vhdl/processor_vhdl.srcs/sim_1/new/REGISTRE_SIMU.vhd" into library xil_defaultlib
INFO: [VRFC 10-307] analyzing entity REGISTRE_SIMU
ERROR: [VRFC 10-1412] syntax error near , [/home/ahamdy/Bureau/prog_system/processor/processor_vhdl/processor_vhdl.srcs/sim_1/new/REGISTRE_SIMU.vhd:99]
ERROR: [VRFC 10-1504] unit behavioral ignored due to previous errors [/home/ahamdy/Bureau/prog_system/processor/processor_vhdl/processor_vhdl.srcs/sim_1/new/REGISTRE_SIMU.vhd:38]
INFO: [VRFC 10-240] VHDL file /home/ahamdy/Bureau/prog_system/processor/processor_vhdl/processor_vhdl.srcs/sim_1/new/REGISTRE_SIMU.vhd ignored due to errors
INFO: [VRFC 10-163] Analyzing VHDL file "/home/ahamdy/Bureau/prog_system/processor/processor_vhdl/processor_vhdl.srcs/sim_1/new/REGISTRE_SIMU.vhd" into library xil_defaultlib
INFO: [VRFC 10-307] analyzing entity REGISTRE_SIMU
INFO: [VRFC 10-163] Analyzing VHDL file "/home/ahamdy/Bureau/prog_system/processor/processor_vhdl/processor_vhdl.srcs/sources_1/new/BANC_REGISTRE.vhd" into library xil_defaultlib
INFO: [VRFC 10-307] analyzing entity BANC_REGISTRE
INFO: [VRFC 10-163] Analyzing VHDL file "/home/ahamdy/Bureau/prog_system/processor/processor_vhdl/processor_vhdl.srcs/sources_1/new/BANC_REGISTRE.vhd" into library xil_defaultlib
INFO: [VRFC 10-307] analyzing entity BANC_REGISTRE
INFO: [VRFC 10-163] Analyzing VHDL file "/home/ahamdy/Bureau/prog_system/processor/processor_vhdl/processor_vhdl.srcs/sources_1/new/BANC_REGISTRE.vhd" into library xil_defaultlib
INFO: [VRFC 10-307] analyzing entity BANC_REGISTRE
INFO: [VRFC 10-163] Analyzing VHDL file "/home/ahamdy/Bureau/prog_system/processor/processor_vhdl/processor_vhdl.srcs/sim_1/new/REGISTRE_SIMU.vhd" into library xil_defaultlib
INFO: [VRFC 10-307] analyzing entity REGISTRE_SIMU
INFO: [VRFC 10-163] Analyzing VHDL file "/home/ahamdy/Bureau/prog_system/processor/processor_vhdl/processor_vhdl.srcs/sim_1/new/REGISTRE_SIMU.vhd" into library xil_defaultlib
INFO: [VRFC 10-307] analyzing entity REGISTRE_SIMU
INFO: [VRFC 10-163] Analyzing VHDL file "/home/ahamdy/Bureau/prog_system/processor/processor_vhdl/processor_vhdl.srcs/sim_1/new/REGISTRE_SIMU.vhd" into library xil_defaultlib
INFO: [VRFC 10-307] analyzing entity REGISTRE_SIMU
INFO: [VRFC 10-163] Analyzing VHDL file "/home/ahamdy/Bureau/prog_system/processor/processor_vhdl/processor_vhdl.srcs/sim_1/new/REGISTRE_SIMU.vhd" into library xil_defaultlib
INFO: [VRFC 10-307] analyzing entity REGISTRE_SIMU
